0 info it worked if it ends with ok
1 verbose cli [ 'C:\\Program Files\\nodejs\\node.exe',
1 verbose cli   'C:\\Program Files\\nodejs\\node_modules\\npm\\bin\\npm-cli.js',
1 verbose cli   'install',
1 verbose cli   '-g',
1 verbose cli   'karma-cli' ]
2 info using npm@4.0.2
3 info using node@v6.9.1
4 silly loadCurrentTree Starting
5 silly install loadCurrentTree
6 silly install readGlobalPackageData
7 silly fetchPackageMetaData karma-cli
8 silly fetchNamedPackageData karma-cli
9 silly mapToRegistry name karma-cli
10 silly mapToRegistry using default registry
11 silly mapToRegistry registry https://registry.npmjs.org/
12 silly mapToRegistry data Result {
12 silly mapToRegistry   raw: 'karma-cli',
12 silly mapToRegistry   scope: null,
12 silly mapToRegistry   escapedName: 'karma-cli',
12 silly mapToRegistry   name: 'karma-cli',
12 silly mapToRegistry   rawSpec: '',
12 silly mapToRegistry   spec: 'latest',
12 silly mapToRegistry   type: 'tag' }
13 silly mapToRegistry uri https://registry.npmjs.org/karma-cli
14 verbose request uri https://registry.npmjs.org/karma-cli
15 verbose request no auth needed
16 info attempt registry request try #1 at 15:44:13
17 verbose request id ddc6a2defa6a1fbc
18 http request GET https://registry.npmjs.org/karma-cli
19 http 200 https://registry.npmjs.org/karma-cli
20 verbose headers { server: 'nginx/1.10.1',
20 verbose headers   'content-type': 'application/json',
20 verbose headers   'last-modified': 'Fri, 09 Dec 2016 16:52:41 GMT',
20 verbose headers   etag: 'W/"584ae159-4339"',
20 verbose headers   'content-encoding': 'gzip',
20 verbose headers   'cache-control': 'max-age=300',
20 verbose headers   'content-length': '2510',
20 verbose headers   'accept-ranges': 'bytes',
20 verbose headers   date: 'Tue, 14 Mar 2017 15:44:14 GMT',
20 verbose headers   via: '1.1 varnish',
20 verbose headers   age: '23',
20 verbose headers   connection: 'keep-alive',
20 verbose headers   'x-served-by': 'cache-cdg8726-CDG',
20 verbose headers   'x-cache': 'HIT',
20 verbose headers   'x-cache-hits': '1',
20 verbose headers   'x-timer': 'S1489506254.236184,VS0,VE0',
20 verbose headers   vary: 'Accept-Encoding' }
21 silly get cb [ 200,
21 silly get   { server: 'nginx/1.10.1',
21 silly get     'content-type': 'application/json',
21 silly get     'last-modified': 'Fri, 09 Dec 2016 16:52:41 GMT',
21 silly get     etag: 'W/"584ae159-4339"',
21 silly get     'content-encoding': 'gzip',
21 silly get     'cache-control': 'max-age=300',
21 silly get     'content-length': '2510',
21 silly get     'accept-ranges': 'bytes',
21 silly get     date: 'Tue, 14 Mar 2017 15:44:14 GMT',
21 silly get     via: '1.1 varnish',
21 silly get     age: '23',
21 silly get     connection: 'keep-alive',
21 silly get     'x-served-by': 'cache-cdg8726-CDG',
21 silly get     'x-cache': 'HIT',
21 silly get     'x-cache-hits': '1',
21 silly get     'x-timer': 'S1489506254.236184,VS0,VE0',
21 silly get     vary: 'Accept-Encoding' } ]
22 verbose get saving karma-cli to C:\Users\bf2914\AppData\Roaming\npm-cache\registry.npmjs.org\karma-cli\.cache.json
23 verbose correctMkdir C:\Users\bf2914\AppData\Roaming\npm-cache correctMkdir not in flight; initializing
24 silly install normalizeTree
25 silly loadCurrentTree Finishing
26 silly loadIdealTree Starting
27 silly install loadIdealTree
28 silly cloneCurrentTree Starting
29 silly install cloneCurrentTreeToIdealTree
30 silly cloneCurrentTree Finishing
31 silly loadShrinkwrap Starting
32 silly install loadShrinkwrap
33 silly loadShrinkwrap Finishing
34 silly loadAllDepsIntoIdealTree Starting
35 silly install loadAllDepsIntoIdealTree
36 silly resolveWithNewModule karma-cli@1.0.1 checking installable status
37 silly cache add args [ 'karma-cli', null ]
38 verbose cache add spec karma-cli
39 silly cache add parsed spec Result {
39 silly cache add   raw: 'karma-cli',
39 silly cache add   scope: null,
39 silly cache add   escapedName: 'karma-cli',
39 silly cache add   name: 'karma-cli',
39 silly cache add   rawSpec: '',
39 silly cache add   spec: 'latest',
39 silly cache add   type: 'tag' }
40 silly addNamed karma-cli@latest
41 verbose addNamed "latest" is being treated as a dist-tag for karma-cli
42 info addNameTag [ 'karma-cli', 'latest' ]
43 silly mapToRegistry name karma-cli
44 silly mapToRegistry using default registry
45 silly mapToRegistry registry https://registry.npmjs.org/
46 silly mapToRegistry data Result {
46 silly mapToRegistry   raw: 'karma-cli',
46 silly mapToRegistry   scope: null,
46 silly mapToRegistry   escapedName: 'karma-cli',
46 silly mapToRegistry   name: 'karma-cli',
46 silly mapToRegistry   rawSpec: '',
46 silly mapToRegistry   spec: 'latest',
46 silly mapToRegistry   type: 'tag' }
47 silly mapToRegistry uri https://registry.npmjs.org/karma-cli
48 verbose addNameTag registry:https://registry.npmjs.org/karma-cli not in flight; fetching
49 verbose get https://registry.npmjs.org/karma-cli not expired, no request
50 silly addNameTag next cb for karma-cli with tag latest
51 silly addNamed karma-cli@1.0.1
52 verbose addNamed "1.0.1" is a plain semver version for karma-cli
53 silly mapToRegistry name karma-cli
54 silly mapToRegistry using default registry
55 silly mapToRegistry registry https://registry.npmjs.org/
56 silly mapToRegistry data Result {
56 silly mapToRegistry   raw: 'karma-cli',
56 silly mapToRegistry   scope: null,
56 silly mapToRegistry   escapedName: 'karma-cli',
56 silly mapToRegistry   name: 'karma-cli',
56 silly mapToRegistry   rawSpec: '',
56 silly mapToRegistry   spec: 'latest',
56 silly mapToRegistry   type: 'tag' }
57 silly mapToRegistry uri https://registry.npmjs.org/karma-cli
58 verbose addRemoteTarball https://registry.npmjs.org/karma-cli/-/karma-cli-1.0.1.tgz not in flight; adding
59 verbose addRemoteTarball [ 'https://registry.npmjs.org/karma-cli/-/karma-cli-1.0.1.tgz',
59 verbose addRemoteTarball   'ae6c3c58a313a1d00b45164c455b9b86ce17f960' ]
60 info retry fetch attempt 1 at 15:44:14
61 info attempt registry request try #1 at 15:44:14
62 http fetch GET https://registry.npmjs.org/karma-cli/-/karma-cli-1.0.1.tgz
63 http fetch 200 https://registry.npmjs.org/karma-cli/-/karma-cli-1.0.1.tgz
64 silly fetchAndShaCheck shasum ae6c3c58a313a1d00b45164c455b9b86ce17f960
65 verbose addTmpTarball C:\Users\bf2914\AppData\Local\Temp\npm-8060-01b330e8\registry.npmjs.org\karma-cli\-\karma-cli-1.0.1.tgz not in flight; adding
66 verbose addTmpTarball already have metadata; skipping unpack for karma-cli@1.0.1
67 verbose correctMkdir C:\Users\bf2914\AppData\Roaming\npm-cache correctMkdir not in flight; initializing
68 silly cache afterAdd karma-cli@1.0.1
69 verbose afterAdd C:\Users\bf2914\AppData\Roaming\npm-cache\karma-cli\1.0.1\package\package.json not in flight; writing
70 verbose correctMkdir C:\Users\bf2914\AppData\Roaming\npm-cache correctMkdir not in flight; initializing
71 verbose afterAdd C:\Users\bf2914\AppData\Roaming\npm-cache\karma-cli\1.0.1\package\package.json written
72 silly fetchNamedPackageData resolve
73 silly mapToRegistry name resolve
74 silly mapToRegistry using default registry
75 silly mapToRegistry registry https://registry.npmjs.org/
76 silly mapToRegistry data Result {
76 silly mapToRegistry   raw: 'resolve',
76 silly mapToRegistry   scope: null,
76 silly mapToRegistry   escapedName: 'resolve',
76 silly mapToRegistry   name: 'resolve',
76 silly mapToRegistry   rawSpec: '',
76 silly mapToRegistry   spec: 'latest',
76 silly mapToRegistry   type: 'tag' }
77 silly mapToRegistry uri https://registry.npmjs.org/resolve
78 verbose request uri https://registry.npmjs.org/resolve
79 verbose request no auth needed
80 info attempt registry request try #1 at 15:44:14
81 http request GET https://registry.npmjs.org/resolve
82 http 200 https://registry.npmjs.org/resolve
83 verbose headers { server: 'nginx/1.10.1',
83 verbose headers   'content-type': 'application/json',
83 verbose headers   'last-modified': 'Sun, 26 Feb 2017 23:01:41 GMT',
83 verbose headers   etag: 'W/"58b35e55-ca92"',
83 verbose headers   'content-encoding': 'gzip',
83 verbose headers   'cache-control': 'max-age=300',
83 verbose headers   'content-length': '6176',
83 verbose headers   'accept-ranges': 'bytes',
83 verbose headers   date: 'Tue, 14 Mar 2017 15:44:14 GMT',
83 verbose headers   via: '1.1 varnish',
83 verbose headers   age: '193',
83 verbose headers   connection: 'keep-alive',
83 verbose headers   'x-served-by': 'cache-cdg8726-CDG',
83 verbose headers   'x-cache': 'HIT',
83 verbose headers   'x-cache-hits': '13',
83 verbose headers   'x-timer': 'S1489506254.444323,VS0,VE0',
83 verbose headers   vary: 'Accept-Encoding' }
84 silly get cb [ 200,
84 silly get   { server: 'nginx/1.10.1',
84 silly get     'content-type': 'application/json',
84 silly get     'last-modified': 'Sun, 26 Feb 2017 23:01:41 GMT',
84 silly get     etag: 'W/"58b35e55-ca92"',
84 silly get     'content-encoding': 'gzip',
84 silly get     'cache-control': 'max-age=300',
84 silly get     'content-length': '6176',
84 silly get     'accept-ranges': 'bytes',
84 silly get     date: 'Tue, 14 Mar 2017 15:44:14 GMT',
84 silly get     via: '1.1 varnish',
84 silly get     age: '193',
84 silly get     connection: 'keep-alive',
84 silly get     'x-served-by': 'cache-cdg8726-CDG',
84 silly get     'x-cache': 'HIT',
84 silly get     'x-cache-hits': '13',
84 silly get     'x-timer': 'S1489506254.444323,VS0,VE0',
84 silly get     vary: 'Accept-Encoding' } ]
85 verbose get saving resolve to C:\Users\bf2914\AppData\Roaming\npm-cache\registry.npmjs.org\resolve\.cache.json
86 verbose correctMkdir C:\Users\bf2914\AppData\Roaming\npm-cache correctMkdir not in flight; initializing
87 silly resolveWithNewModule resolve@1.3.2 checking installable status
88 silly cache add args [ 'resolve@^1.1.6', null ]
89 verbose cache add spec resolve@^1.1.6
90 silly cache add parsed spec Result {
90 silly cache add   raw: 'resolve@^1.1.6',
90 silly cache add   scope: null,
90 silly cache add   escapedName: 'resolve',
90 silly cache add   name: 'resolve',
90 silly cache add   rawSpec: '^1.1.6',
90 silly cache add   spec: '>=1.1.6 <2.0.0',
90 silly cache add   type: 'range' }
91 silly addNamed resolve@>=1.1.6 <2.0.0
92 verbose addNamed ">=1.1.6 <2.0.0" is a valid semver range for resolve
93 silly addNameRange { name: 'resolve', range: '>=1.1.6 <2.0.0', hasData: false }
94 silly mapToRegistry name resolve
95 silly mapToRegistry using default registry
96 silly mapToRegistry registry https://registry.npmjs.org/
97 silly mapToRegistry data Result {
97 silly mapToRegistry   raw: 'resolve',
97 silly mapToRegistry   scope: null,
97 silly mapToRegistry   escapedName: 'resolve',
97 silly mapToRegistry   name: 'resolve',
97 silly mapToRegistry   rawSpec: '',
97 silly mapToRegistry   spec: 'latest',
97 silly mapToRegistry   type: 'tag' }
98 silly mapToRegistry uri https://registry.npmjs.org/resolve
99 verbose addNameRange registry:https://registry.npmjs.org/resolve not in flight; fetching
100 verbose get https://registry.npmjs.org/resolve not expired, no request
101 silly addNameRange number 2 { name: 'resolve', range: '>=1.1.6 <2.0.0', hasData: true }
102 silly addNameRange versions [ 'resolve',
102 silly addNameRange   [ '0.0.0',
102 silly addNameRange     '0.0.1',
102 silly addNameRange     '0.0.2',
102 silly addNameRange     '0.0.3',
102 silly addNameRange     '0.0.4',
102 silly addNameRange     '0.1.0',
102 silly addNameRange     '0.1.2',
102 silly addNameRange     '0.1.3',
102 silly addNameRange     '0.2.0',
102 silly addNameRange     '0.2.1',
102 silly addNameRange     '0.2.2',
102 silly addNameRange     '0.2.3',
102 silly addNameRange     '0.2.4',
102 silly addNameRange     '0.2.5',
102 silly addNameRange     '0.2.6',
102 silly addNameRange     '0.2.7',
102 silly addNameRange     '0.2.8',
102 silly addNameRange     '0.3.0',
102 silly addNameRange     '0.3.1',
102 silly addNameRange     '0.4.0',
102 silly addNameRange     '0.4.1',
102 silly addNameRange     '0.4.2',
102 silly addNameRange     '0.4.3',
102 silly addNameRange     '0.5.0',
102 silly addNameRange     '0.5.1',
102 silly addNameRange     '0.6.0',
102 silly addNameRange     '0.6.1',
102 silly addNameRange     '0.6.2',
102 silly addNameRange     '0.6.3',
102 silly addNameRange     '0.7.0',
102 silly addNameRange     '0.7.1',
102 silly addNameRange     '0.7.2',
102 silly addNameRange     '0.7.3',
102 silly addNameRange     '0.7.4',
102 silly addNameRange     '1.0.0',
102 silly addNameRange     '1.1.0',
102 silly addNameRange     '1.1.2',
102 silly addNameRange     '1.1.3',
102 silly addNameRange     '1.1.4',
102 silly addNameRange     '1.1.5',
102 silly addNameRange     '1.1.6',
102 silly addNameRange     '1.1.7',
102 silly addNameRange     '1.2.0',
102 silly addNameRange     '1.3.0',
102 silly addNameRange     '1.3.1',
102 silly addNameRange     '1.2.1',
102 silly addNameRange     '1.3.2' ] ]
103 silly addNamed resolve@1.3.2
104 verbose addNamed "1.3.2" is a plain semver version for resolve
105 silly mapToRegistry name resolve
106 silly mapToRegistry using default registry
107 silly mapToRegistry registry https://registry.npmjs.org/
108 silly mapToRegistry data Result {
108 silly mapToRegistry   raw: 'resolve',
108 silly mapToRegistry   scope: null,
108 silly mapToRegistry   escapedName: 'resolve',
108 silly mapToRegistry   name: 'resolve',
108 silly mapToRegistry   rawSpec: '',
108 silly mapToRegistry   spec: 'latest',
108 silly mapToRegistry   type: 'tag' }
109 silly mapToRegistry uri https://registry.npmjs.org/resolve
110 verbose addRemoteTarball https://registry.npmjs.org/resolve/-/resolve-1.3.2.tgz not in flight; adding
111 verbose addRemoteTarball [ 'https://registry.npmjs.org/resolve/-/resolve-1.3.2.tgz',
111 verbose addRemoteTarball   '1f0442c9e0cbb8136e87b9305f932f46c7f28235' ]
112 info retry fetch attempt 1 at 15:44:14
113 info attempt registry request try #1 at 15:44:14
114 http fetch GET https://registry.npmjs.org/resolve/-/resolve-1.3.2.tgz
115 http fetch 200 https://registry.npmjs.org/resolve/-/resolve-1.3.2.tgz
116 silly fetchAndShaCheck shasum 1f0442c9e0cbb8136e87b9305f932f46c7f28235
117 verbose addTmpTarball C:\Users\bf2914\AppData\Local\Temp\npm-8060-01b330e8\registry.npmjs.org\resolve\-\resolve-1.3.2.tgz not in flight; adding
118 verbose addTmpTarball already have metadata; skipping unpack for resolve@1.3.2
119 verbose correctMkdir C:\Users\bf2914\AppData\Roaming\npm-cache correctMkdir not in flight; initializing
120 silly cache afterAdd resolve@1.3.2
121 verbose afterAdd C:\Users\bf2914\AppData\Roaming\npm-cache\resolve\1.3.2\package\package.json not in flight; writing
122 verbose correctMkdir C:\Users\bf2914\AppData\Roaming\npm-cache correctMkdir not in flight; initializing
123 verbose afterAdd C:\Users\bf2914\AppData\Roaming\npm-cache\resolve\1.3.2\package\package.json written
124 silly fetchNamedPackageData path-parse
125 silly mapToRegistry name path-parse
126 silly mapToRegistry using default registry
127 silly mapToRegistry registry https://registry.npmjs.org/
128 silly mapToRegistry data Result {
128 silly mapToRegistry   raw: 'path-parse',
128 silly mapToRegistry   scope: null,
128 silly mapToRegistry   escapedName: 'path-parse',
128 silly mapToRegistry   name: 'path-parse',
128 silly mapToRegistry   rawSpec: '',
128 silly mapToRegistry   spec: 'latest',
128 silly mapToRegistry   type: 'tag' }
129 silly mapToRegistry uri https://registry.npmjs.org/path-parse
130 verbose request uri https://registry.npmjs.org/path-parse
131 verbose request no auth needed
132 info attempt registry request try #1 at 15:44:14
133 http request GET https://registry.npmjs.org/path-parse
134 http 200 https://registry.npmjs.org/path-parse
135 verbose headers { server: 'nginx/1.10.1',
135 verbose headers   'content-type': 'application/json',
135 verbose headers   'last-modified': 'Mon, 20 Feb 2017 22:13:41 GMT',
135 verbose headers   etag: 'W/"58ab6a15-1f5a"',
135 verbose headers   'content-encoding': 'gzip',
135 verbose headers   'cache-control': 'max-age=300',
135 verbose headers   'content-length': '1532',
135 verbose headers   'accept-ranges': 'bytes',
135 verbose headers   date: 'Tue, 14 Mar 2017 15:44:14 GMT',
135 verbose headers   via: '1.1 varnish',
135 verbose headers   age: '133',
135 verbose headers   connection: 'keep-alive',
135 verbose headers   'x-served-by': 'cache-cdg8726-CDG',
135 verbose headers   'x-cache': 'HIT',
135 verbose headers   'x-cache-hits': '3',
135 verbose headers   'x-timer': 'S1489506254.636841,VS0,VE0',
135 verbose headers   vary: 'Accept-Encoding' }
136 silly get cb [ 200,
136 silly get   { server: 'nginx/1.10.1',
136 silly get     'content-type': 'application/json',
136 silly get     'last-modified': 'Mon, 20 Feb 2017 22:13:41 GMT',
136 silly get     etag: 'W/"58ab6a15-1f5a"',
136 silly get     'content-encoding': 'gzip',
136 silly get     'cache-control': 'max-age=300',
136 silly get     'content-length': '1532',
136 silly get     'accept-ranges': 'bytes',
136 silly get     date: 'Tue, 14 Mar 2017 15:44:14 GMT',
136 silly get     via: '1.1 varnish',
136 silly get     age: '133',
136 silly get     connection: 'keep-alive',
136 silly get     'x-served-by': 'cache-cdg8726-CDG',
136 silly get     'x-cache': 'HIT',
136 silly get     'x-cache-hits': '3',
136 silly get     'x-timer': 'S1489506254.636841,VS0,VE0',
136 silly get     vary: 'Accept-Encoding' } ]
137 verbose get saving path-parse to C:\Users\bf2914\AppData\Roaming\npm-cache\registry.npmjs.org\path-parse\.cache.json
138 verbose correctMkdir C:\Users\bf2914\AppData\Roaming\npm-cache correctMkdir not in flight; initializing
139 silly resolveWithNewModule path-parse@1.0.5 checking installable status
140 silly cache add args [ 'path-parse@^1.0.5', null ]
141 verbose cache add spec path-parse@^1.0.5
142 silly cache add parsed spec Result {
142 silly cache add   raw: 'path-parse@^1.0.5',
142 silly cache add   scope: null,
142 silly cache add   escapedName: 'path-parse',
142 silly cache add   name: 'path-parse',
142 silly cache add   rawSpec: '^1.0.5',
142 silly cache add   spec: '>=1.0.5 <2.0.0',
142 silly cache add   type: 'range' }
143 silly addNamed path-parse@>=1.0.5 <2.0.0
144 verbose addNamed ">=1.0.5 <2.0.0" is a valid semver range for path-parse
145 silly addNameRange { name: 'path-parse', range: '>=1.0.5 <2.0.0', hasData: false }
146 silly mapToRegistry name path-parse
147 silly mapToRegistry using default registry
148 silly mapToRegistry registry https://registry.npmjs.org/
149 silly mapToRegistry data Result {
149 silly mapToRegistry   raw: 'path-parse',
149 silly mapToRegistry   scope: null,
149 silly mapToRegistry   escapedName: 'path-parse',
149 silly mapToRegistry   name: 'path-parse',
149 silly mapToRegistry   rawSpec: '',
149 silly mapToRegistry   spec: 'latest',
149 silly mapToRegistry   type: 'tag' }
150 silly mapToRegistry uri https://registry.npmjs.org/path-parse
151 verbose addNameRange registry:https://registry.npmjs.org/path-parse not in flight; fetching
152 verbose get https://registry.npmjs.org/path-parse not expired, no request
153 silly addNameRange number 2 { name: 'path-parse', range: '>=1.0.5 <2.0.0', hasData: true }
154 silly addNameRange versions [ 'path-parse',
154 silly addNameRange   [ '1.0.0', '1.0.1', '1.0.2', '1.0.3', '1.0.4', '1.0.5' ] ]
155 silly addNamed path-parse@1.0.5
156 verbose addNamed "1.0.5" is a plain semver version for path-parse
157 silly mapToRegistry name path-parse
158 silly mapToRegistry using default registry
159 silly mapToRegistry registry https://registry.npmjs.org/
160 silly mapToRegistry data Result {
160 silly mapToRegistry   raw: 'path-parse',
160 silly mapToRegistry   scope: null,
160 silly mapToRegistry   escapedName: 'path-parse',
160 silly mapToRegistry   name: 'path-parse',
160 silly mapToRegistry   rawSpec: '',
160 silly mapToRegistry   spec: 'latest',
160 silly mapToRegistry   type: 'tag' }
161 silly mapToRegistry uri https://registry.npmjs.org/path-parse
162 verbose addRemoteTarball https://registry.npmjs.org/path-parse/-/path-parse-1.0.5.tgz not in flight; adding
163 verbose addRemoteTarball [ 'https://registry.npmjs.org/path-parse/-/path-parse-1.0.5.tgz',
163 verbose addRemoteTarball   '3c1adf871ea9cd6c9431b6ea2bd74a0ff055c4c1' ]
164 info retry fetch attempt 1 at 15:44:14
165 info attempt registry request try #1 at 15:44:14
166 http fetch GET https://registry.npmjs.org/path-parse/-/path-parse-1.0.5.tgz
167 http fetch 200 https://registry.npmjs.org/path-parse/-/path-parse-1.0.5.tgz
168 silly fetchAndShaCheck shasum 3c1adf871ea9cd6c9431b6ea2bd74a0ff055c4c1
169 verbose addTmpTarball C:\Users\bf2914\AppData\Local\Temp\npm-8060-01b330e8\registry.npmjs.org\path-parse\-\path-parse-1.0.5.tgz not in flight; adding
170 verbose addTmpTarball already have metadata; skipping unpack for path-parse@1.0.5
171 verbose correctMkdir C:\Users\bf2914\AppData\Roaming\npm-cache correctMkdir not in flight; initializing
172 silly cache afterAdd path-parse@1.0.5
173 verbose afterAdd C:\Users\bf2914\AppData\Roaming\npm-cache\path-parse\1.0.5\package\package.json not in flight; writing
174 verbose correctMkdir C:\Users\bf2914\AppData\Roaming\npm-cache correctMkdir not in flight; initializing
175 verbose afterAdd C:\Users\bf2914\AppData\Roaming\npm-cache\path-parse\1.0.5\package\package.json written
176 silly loadAllDepsIntoIdealTree Finishing
177 silly loadIdealTree Finishing
178 silly currentTree nodejs
179 silly idealTree nodejs
179 silly idealTree `-- karma-cli@1.0.1
179 silly idealTree   +-- path-parse@1.0.5
179 silly idealTree   `-- resolve@1.3.2
180 silly generateActionsToTake Starting
181 silly install generateActionsToTake
182 silly generateActionsToTake Finishing
183 silly diffTrees action count 3
184 silly diffTrees add path-parse@1.0.5
185 silly diffTrees add resolve@1.3.2
186 silly diffTrees add karma-cli@1.0.1
187 silly decomposeActions action count 24
188 silly decomposeActions fetch path-parse@1.0.5
189 silly decomposeActions extract path-parse@1.0.5
190 silly decomposeActions test path-parse@1.0.5
191 silly decomposeActions preinstall path-parse@1.0.5
192 silly decomposeActions build path-parse@1.0.5
193 silly decomposeActions install path-parse@1.0.5
194 silly decomposeActions postinstall path-parse@1.0.5
195 silly decomposeActions finalize path-parse@1.0.5
196 silly decomposeActions fetch resolve@1.3.2
197 silly decomposeActions extract resolve@1.3.2
198 silly decomposeActions test resolve@1.3.2
199 silly decomposeActions preinstall resolve@1.3.2
200 silly decomposeActions build resolve@1.3.2
201 silly decomposeActions install resolve@1.3.2
202 silly decomposeActions postinstall resolve@1.3.2
203 silly decomposeActions finalize resolve@1.3.2
204 silly decomposeActions fetch karma-cli@1.0.1
205 silly decomposeActions extract karma-cli@1.0.1
206 silly decomposeActions test karma-cli@1.0.1
207 silly decomposeActions preinstall karma-cli@1.0.1
208 silly decomposeActions build karma-cli@1.0.1
209 silly decomposeActions install karma-cli@1.0.1
210 silly decomposeActions postinstall karma-cli@1.0.1
211 silly decomposeActions finalize karma-cli@1.0.1
212 silly runTopLevelLifecycles Starting
213 silly executeActions Starting
214 silly install executeActions
215 silly doSerial global-install 0
216 silly doParallel fetch 3
217 verbose correctMkdir C:\Users\bf2914\AppData\Roaming\npm-cache\_locks correctMkdir not in flight; initializing
218 verbose lock using C:\Users\bf2914\AppData\Roaming\npm-cache\_locks\staging-dfd8fbf9c1feea0f.lock for C:\Program Files\nodejs\node_modules\.staging
219 verbose unlock done using C:\Users\bf2914\AppData\Roaming\npm-cache\_locks\staging-dfd8fbf9c1feea0f.lock for C:\Program Files\nodejs\node_modules\.staging
220 silly rollbackFailedOptional Starting
221 silly rollbackFailedOptional Finishing
222 silly runTopLevelLifecycles Finishing
223 silly install printInstalled
224 verbose stack Error: EPERM: operation not permitted, mkdir 'C:\Program Files\nodejs\node_modules\.staging'
224 verbose stack     at Error (native)
225 verbose cwd D:\Angular\DemoAppDirectives
226 error Windows_NT 6.1.7601
227 error argv "C:\\Program Files\\nodejs\\node.exe" "C:\\Program Files\\nodejs\\node_modules\\npm\\bin\\npm-cli.js" "install" "-g" "karma-cli"
228 error node v6.9.1
229 error npm  v4.0.2
230 error path C:\Program Files\nodejs\node_modules\.staging
231 error code EPERM
232 error errno -4048
233 error syscall mkdir
234 error Error: EPERM: operation not permitted, mkdir 'C:\Program Files\nodejs\node_modules\.staging'
234 error     at Error (native)
234 error  { Error: EPERM: operation not permitted, mkdir 'C:\Program Files\nodejs\node_modules\.staging'
234 error     at Error (native)
234 error   errno: -4048,
234 error   code: 'EPERM',
234 error   syscall: 'mkdir',
234 error   path: 'C:\\Program Files\\nodejs\\node_modules\\.staging' }
235 error Please try running this command again as root/Administrator.
236 verbose exit [ -4048, true ]
